Created by PLY version 3.11 (http://www.dabeaz.com/ply)

Grammar

Rule 0     S' -> program
Rule 1     program -> statement_list
Rule 2     statement_list -> statement
Rule 3     statement_list -> statement_list statement
Rule 4     statement -> ID EQUALS expression SEMICOLON
Rule 5     statement -> PRINT LPAREN ID RPAREN SEMICOLON
Rule 6     expression -> expression PLUS expression
Rule 7     expression -> expression MINUS expression
Rule 8     expression -> expression TIMES expression
Rule 9     expression -> expression DIVIDE expression
Rule 10    expression -> expression MODULO expression
Rule 11    expression -> expression POWER expression
Rule 12    expression -> MINUS expression
Rule 13    expression -> LPAREN expression RPAREN
Rule 14    expression -> NUMBER
Rule 15    expression -> FLOAT
Rule 16    expression -> ID

Terminals, with rules where they appear

DIVIDE               : 9
EQUALS               : 4
FLOAT                : 15
ID                   : 4 5 16
LPAREN               : 5 13
MINUS                : 7 12
MODULO               : 10
NUMBER               : 14
PLUS                 : 6
POWER                : 11
PRINT                : 5
RPAREN               : 5 13
SEMICOLON            : 4 5
TIMES                : 8
error                : 

Nonterminals, with rules where they appear

expression           : 4 6 6 7 7 8 8 9 9 10 10 11 11 12 13
program              : 0
statement            : 2 3
statement_list       : 1 3

Parsing method: LALR

state 0

    (0) S' -> . program
    (1) program -> . statement_list
    (2) statement_list -> . statement
    (3) statement_list -> . statement_list statement
    (4) statement -> . ID EQUALS expression SEMICOLON
    (5) statement -> . PRINT LPAREN ID RPAREN SEMICOLON

    ID              shift and go to state 4
    PRINT           shift and go to state 5

    program                        shift and go to state 1
    statement_list                 shift and go to state 2
    statement                      shift and go to state 3

state 1

    (0) S' -> program .



state 2

    (1) program -> statement_list .
    (3) statement_list -> statement_list . statement
    (4) statement -> . ID EQUALS expression SEMICOLON
    (5) statement -> . PRINT LPAREN ID RPAREN SEMICOLON

    $end            reduce using rule 1 (program -> statement_list .)
    ID              shift and go to state 4
    PRINT           shift and go to state 5

    statement                      shift and go to state 6

state 3

    (2) statement_list -> statement .

    ID              reduce using rule 2 (statement_list -> statement .)
    PRINT           reduce using rule 2 (statement_list -> statement .)
    $end            reduce using rule 2 (statement_list -> statement .)


state 4

    (4) statement -> ID . EQUALS expression SEMICOLON

    EQUALS          shift and go to state 7


state 5

    (5) statement -> PRINT . LPAREN ID RPAREN SEMICOLON

    LPAREN          shift and go to state 8


state 6

    (3) statement_list -> statement_list statement .

    ID              reduce using rule 3 (statement_list -> statement_list statement .)
    PRINT           reduce using rule 3 (statement_list -> statement_list statement .)
    $end            reduce using rule 3 (statement_list -> statement_list statement .)


state 7

    (4) statement -> ID EQUALS . expression SEMICOLON
    (6) expression -> . expression PLUS expression
    (7) expression -> . expression MINUS expression
    (8) expression -> . expression TIMES expression
    (9) expression -> . expression DIVIDE expression
    (10) expression -> . expression MODULO expression
    (11) expression -> . expression POWER expression
    (12) expression -> . MINUS expression
    (13) expression -> . LPAREN expression RPAREN
    (14) expression -> . NUMBER
    (15) expression -> . FLOAT
    (16) expression -> . ID

    MINUS           shift and go to state 11
    LPAREN          shift and go to state 12
    NUMBER          shift and go to state 13
    FLOAT           shift and go to state 14
    ID              shift and go to state 9

    expression                     shift and go to state 10

state 8

    (5) statement -> PRINT LPAREN . ID RPAREN SEMICOLON

    ID              shift and go to state 15


state 9

    (16) expression -> ID .

    SEMICOLON       reduce using rule 16 (expression -> ID .)
    PLUS            reduce using rule 16 (expression -> ID .)
    MINUS           reduce using rule 16 (expression -> ID .)
    TIMES           reduce using rule 16 (expression -> ID .)
    DIVIDE          reduce using rule 16 (expression -> ID .)
    MODULO          reduce using rule 16 (expression -> ID .)
    POWER           reduce using rule 16 (expression -> ID .)
    RPAREN          reduce using rule 16 (expression -> ID .)


state 10

    (4) statement -> ID EQUALS expression . SEMICOLON
    (6) expression -> expression . PLUS expression
    (7) expression -> expression . MINUS expression
    (8) expression -> expression . TIMES expression
    (9) expression -> expression . DIVIDE expression
    (10) expression -> expression . MODULO expression
    (11) expression -> expression . POWER expression

    SEMICOLON       shift and go to state 16
    PLUS            shift and go to state 17
    MINUS           shift and go to state 18
    TIMES           shift and go to state 19
    DIVIDE          shift and go to state 20
    MODULO          shift and go to state 21
    POWER           shift and go to state 22


state 11

    (12) expression -> MINUS . expression
    (6) expression -> . expression PLUS expression
    (7) expression -> . expression MINUS expression
    (8) expression -> . expression TIMES expression
    (9) expression -> . expression DIVIDE expression
    (10) expression -> . expression MODULO expression
    (11) expression -> . expression POWER expression
    (12) expression -> . MINUS expression
    (13) expression -> . LPAREN expression RPAREN
    (14) expression -> . NUMBER
    (15) expression -> . FLOAT
    (16) expression -> . ID

    MINUS           shift and go to state 11
    LPAREN          shift and go to state 12
    NUMBER          shift and go to state 13
    FLOAT           shift and go to state 14
    ID              shift and go to state 9

    expression                     shift and go to state 23

state 12

    (13) expression -> LPAREN . expression RPAREN
    (6) expression -> . expression PLUS expression
    (7) expression -> . expression MINUS expression
    (8) expression -> . expression TIMES expression
    (9) expression -> . expression DIVIDE expression
    (10) expression -> . expression MODULO expression
    (11) expression -> . expression POWER expression
    (12) expression -> . MINUS expression
    (13) expression -> . LPAREN expression RPAREN
    (14) expression -> . NUMBER
    (15) expression -> . FLOAT
    (16) expression -> . ID

    MINUS           shift and go to state 11
    LPAREN          shift and go to state 12
    NUMBER          shift and go to state 13
    FLOAT           shift and go to state 14
    ID              shift and go to state 9

    expression                     shift and go to state 24

state 13

    (14) expression -> NUMBER .

    SEMICOLON       reduce using rule 14 (expression -> NUMBER .)
    PLUS            reduce using rule 14 (expression -> NUMBER .)
    MINUS           reduce using rule 14 (expression -> NUMBER .)
    TIMES           reduce using rule 14 (expression -> NUMBER .)
    DIVIDE          reduce using rule 14 (expression -> NUMBER .)
    MODULO          reduce using rule 14 (expression -> NUMBER .)
    POWER           reduce using rule 14 (expression -> NUMBER .)
    RPAREN          reduce using rule 14 (expression -> NUMBER .)


state 14

    (15) expression -> FLOAT .

    SEMICOLON       reduce using rule 15 (expression -> FLOAT .)
    PLUS            reduce using rule 15 (expression -> FLOAT .)
    MINUS           reduce using rule 15 (expression -> FLOAT .)
    TIMES           reduce using rule 15 (expression -> FLOAT .)
    DIVIDE          reduce using rule 15 (expression -> FLOAT .)
    MODULO          reduce using rule 15 (expression -> FLOAT .)
    POWER           reduce using rule 15 (expression -> FLOAT .)
    RPAREN          reduce using rule 15 (expression -> FLOAT .)


state 15

    (5) statement -> PRINT LPAREN ID . RPAREN SEMICOLON

    RPAREN          shift and go to state 25


state 16

    (4) statement -> ID EQUALS expression SEMICOLON .

    ID              reduce using rule 4 (statement -> ID EQUALS expression SEMICOLON .)
    PRINT           reduce using rule 4 (statement -> ID EQUALS expression SEMICOLON .)
    $end            reduce using rule 4 (statement -> ID EQUALS expression SEMICOLON .)


state 17

    (6) expression -> expression PLUS . expression
    (6) expression -> . expression PLUS expression
    (7) expression -> . expression MINUS expression
    (8) expression -> . expression TIMES expression
    (9) expression -> . expression DIVIDE expression
    (10) expression -> . expression MODULO expression
    (11) expression -> . expression POWER expression
    (12) expression -> . MINUS expression
    (13) expression -> . LPAREN expression RPAREN
    (14) expression -> . NUMBER
    (15) expression -> . FLOAT
    (16) expression -> . ID

    MINUS           shift and go to state 11
    LPAREN          shift and go to state 12
    NUMBER          shift and go to state 13
    FLOAT           shift and go to state 14
    ID              shift and go to state 9

    expression                     shift and go to state 26

state 18

    (7) expression -> expression MINUS . expression
    (6) expression -> . expression PLUS expression
    (7) expression -> . expression MINUS expression
    (8) expression -> . expression TIMES expression
    (9) expression -> . expression DIVIDE expression
    (10) expression -> . expression MODULO expression
    (11) expression -> . expression POWER expression
    (12) expression -> . MINUS expression
    (13) expression -> . LPAREN expression RPAREN
    (14) expression -> . NUMBER
    (15) expression -> . FLOAT
    (16) expression -> . ID

    MINUS           shift and go to state 11
    LPAREN          shift and go to state 12
    NUMBER          shift and go to state 13
    FLOAT           shift and go to state 14
    ID              shift and go to state 9

    expression                     shift and go to state 27

state 19

    (8) expression -> expression TIMES . expression
    (6) expression -> . expression PLUS expression
    (7) expression -> . expression MINUS expression
    (8) expression -> . expression TIMES expression
    (9) expression -> . expression DIVIDE expression
    (10) expression -> . expression MODULO expression
    (11) expression -> . expression POWER expression
    (12) expression -> . MINUS expression
    (13) expression -> . LPAREN expression RPAREN
    (14) expression -> . NUMBER
    (15) expression -> . FLOAT
    (16) expression -> . ID

    MINUS           shift and go to state 11
    LPAREN          shift and go to state 12
    NUMBER          shift and go to state 13
    FLOAT           shift and go to state 14
    ID              shift and go to state 9

    expression                     shift and go to state 28

state 20

    (9) expression -> expression DIVIDE . expression
    (6) expression -> . expression PLUS expression
    (7) expression -> . expression MINUS expression
    (8) expression -> . expression TIMES expression
    (9) expression -> . expression DIVIDE expression
    (10) expression -> . expression MODULO expression
    (11) expression -> . expression POWER expression
    (12) expression -> . MINUS expression
    (13) expression -> . LPAREN expression RPAREN
    (14) expression -> . NUMBER
    (15) expression -> . FLOAT
    (16) expression -> . ID

    MINUS           shift and go to state 11
    LPAREN          shift and go to state 12
    NUMBER          shift and go to state 13
    FLOAT           shift and go to state 14
    ID              shift and go to state 9

    expression                     shift and go to state 29

state 21

    (10) expression -> expression MODULO . expression
    (6) expression -> . expression PLUS expression
    (7) expression -> . expression MINUS expression
    (8) expression -> . expression TIMES expression
    (9) expression -> . expression DIVIDE expression
    (10) expression -> . expression MODULO expression
    (11) expression -> . expression POWER expression
    (12) expression -> . MINUS expression
    (13) expression -> . LPAREN expression RPAREN
    (14) expression -> . NUMBER
    (15) expression -> . FLOAT
    (16) expression -> . ID

    MINUS           shift and go to state 11
    LPAREN          shift and go to state 12
    NUMBER          shift and go to state 13
    FLOAT           shift and go to state 14
    ID              shift and go to state 9

    expression                     shift and go to state 30

state 22

    (11) expression -> expression POWER . expression
    (6) expression -> . expression PLUS expression
    (7) expression -> . expression MINUS expression
    (8) expression -> . expression TIMES expression
    (9) expression -> . expression DIVIDE expression
    (10) expression -> . expression MODULO expression
    (11) expression -> . expression POWER expression
    (12) expression -> . MINUS expression
    (13) expression -> . LPAREN expression RPAREN
    (14) expression -> . NUMBER
    (15) expression -> . FLOAT
    (16) expression -> . ID

    MINUS           shift and go to state 11
    LPAREN          shift and go to state 12
    NUMBER          shift and go to state 13
    FLOAT           shift and go to state 14
    ID              shift and go to state 9

    expression                     shift and go to state 31

state 23

    (12) expression -> MINUS expression .
    (6) expression -> expression . PLUS expression
    (7) expression -> expression . MINUS expression
    (8) expression -> expression . TIMES expression
    (9) expression -> expression . DIVIDE expression
    (10) expression -> expression . MODULO expression
    (11) expression -> expression . POWER expression

    SEMICOLON       reduce using rule 12 (expression -> MINUS expression .)
    PLUS            reduce using rule 12 (expression -> MINUS expression .)
    MINUS           reduce using rule 12 (expression -> MINUS expression .)
    TIMES           reduce using rule 12 (expression -> MINUS expression .)
    DIVIDE          reduce using rule 12 (expression -> MINUS expression .)
    MODULO          reduce using rule 12 (expression -> MINUS expression .)
    POWER           reduce using rule 12 (expression -> MINUS expression .)
    RPAREN          reduce using rule 12 (expression -> MINUS expression .)

  ! PLUS            [ shift and go to state 17 ]
  ! MINUS           [ shift and go to state 18 ]
  ! TIMES           [ shift and go to state 19 ]
  ! DIVIDE          [ shift and go to state 20 ]
  ! MODULO          [ shift and go to state 21 ]
  ! POWER           [ shift and go to state 22 ]


state 24

    (13) expression -> LPAREN expression . RPAREN
    (6) expression -> expression . PLUS expression
    (7) expression -> expression . MINUS expression
    (8) expression -> expression . TIMES expression
    (9) expression -> expression . DIVIDE expression
    (10) expression -> expression . MODULO expression
    (11) expression -> expression . POWER expression

    RPAREN          shift and go to state 32
    PLUS            shift and go to state 17
    MINUS           shift and go to state 18
    TIMES           shift and go to state 19
    DIVIDE          shift and go to state 20
    MODULO          shift and go to state 21
    POWER           shift and go to state 22


state 25

    (5) statement -> PRINT LPAREN ID RPAREN . SEMICOLON

    SEMICOLON       shift and go to state 33


state 26

    (6) expression -> expression PLUS expression .
    (6) expression -> expression . PLUS expression
    (7) expression -> expression . MINUS expression
    (8) expression -> expression . TIMES expression
    (9) expression -> expression . DIVIDE expression
    (10) expression -> expression . MODULO expression
    (11) expression -> expression . POWER expression

    SEMICOLON       reduce using rule 6 (expression -> expression PLUS expression .)
    PLUS            reduce using rule 6 (expression -> expression PLUS expression .)
    MINUS           reduce using rule 6 (expression -> expression PLUS expression .)
    RPAREN          reduce using rule 6 (expression -> expression PLUS expression .)
    TIMES           shift and go to state 19
    DIVIDE          shift and go to state 20
    MODULO          shift and go to state 21
    POWER           shift and go to state 22

  ! TIMES           [ reduce using rule 6 (expression -> expression PLUS expression .) ]
  ! DIVIDE          [ reduce using rule 6 (expression -> expression PLUS expression .) ]
  ! MODULO          [ reduce using rule 6 (expression -> expression PLUS expression .) ]
  ! POWER           [ reduce using rule 6 (expression -> expression PLUS expression .) ]
  ! PLUS            [ shift and go to state 17 ]
  ! MINUS           [ shift and go to state 18 ]


state 27

    (7) expression -> expression MINUS expression .
    (6) expression -> expression . PLUS expression
    (7) expression -> expression . MINUS expression
    (8) expression -> expression . TIMES expression
    (9) expression -> expression . DIVIDE expression
    (10) expression -> expression . MODULO expression
    (11) expression -> expression . POWER expression

    SEMICOLON       reduce using rule 7 (expression -> expression MINUS expression .)
    PLUS            reduce using rule 7 (expression -> expression MINUS expression .)
    MINUS           reduce using rule 7 (expression -> expression MINUS expression .)
    RPAREN          reduce using rule 7 (expression -> expression MINUS expression .)
    TIMES           shift and go to state 19
    DIVIDE          shift and go to state 20
    MODULO          shift and go to state 21
    POWER           shift and go to state 22

  ! TIMES           [ reduce using rule 7 (expression -> expression MINUS expression .) ]
  ! DIVIDE          [ reduce using rule 7 (expression -> expression MINUS expression .) ]
  ! MODULO          [ reduce using rule 7 (expression -> expression MINUS expression .) ]
  ! POWER           [ reduce using rule 7 (expression -> expression MINUS expression .) ]
  ! PLUS            [ shift and go to state 17 ]
  ! MINUS           [ shift and go to state 18 ]


state 28

    (8) expression -> expression TIMES expression .
    (6) expression -> expression . PLUS expression
    (7) expression -> expression . MINUS expression
    (8) expression -> expression . TIMES expression
    (9) expression -> expression . DIVIDE expression
    (10) expression -> expression . MODULO expression
    (11) expression -> expression . POWER expression

    SEMICOLON       reduce using rule 8 (expression -> expression TIMES expression .)
    PLUS            reduce using rule 8 (expression -> expression TIMES expression .)
    MINUS           reduce using rule 8 (expression -> expression TIMES expression .)
    TIMES           reduce using rule 8 (expression -> expression TIMES expression .)
    DIVIDE          reduce using rule 8 (expression -> expression TIMES expression .)
    MODULO          reduce using rule 8 (expression -> expression TIMES expression .)
    RPAREN          reduce using rule 8 (expression -> expression TIMES expression .)
    POWER           shift and go to state 22

  ! POWER           [ reduce using rule 8 (expression -> expression TIMES expression .) ]
  ! PLUS            [ shift and go to state 17 ]
  ! MINUS           [ shift and go to state 18 ]
  ! TIMES           [ shift and go to state 19 ]
  ! DIVIDE          [ shift and go to state 20 ]
  ! MODULO          [ shift and go to state 21 ]


state 29

    (9) expression -> expression DIVIDE expression .
    (6) expression -> expression . PLUS expression
    (7) expression -> expression . MINUS expression
    (8) expression -> expression . TIMES expression
    (9) expression -> expression . DIVIDE expression
    (10) expression -> expression . MODULO expression
    (11) expression -> expression . POWER expression

    SEMICOLON       reduce using rule 9 (expression -> expression DIVIDE expression .)
    PLUS            reduce using rule 9 (expression -> expression DIVIDE expression .)
    MINUS           reduce using rule 9 (expression -> expression DIVIDE expression .)
    TIMES           reduce using rule 9 (expression -> expression DIVIDE expression .)
    DIVIDE          reduce using rule 9 (expression -> expression DIVIDE expression .)
    MODULO          reduce using rule 9 (expression -> expression DIVIDE expression .)
    RPAREN          reduce using rule 9 (expression -> expression DIVIDE expression .)
    POWER           shift and go to state 22

  ! POWER           [ reduce using rule 9 (expression -> expression DIVIDE expression .) ]
  ! PLUS            [ shift and go to state 17 ]
  ! MINUS           [ shift and go to state 18 ]
  ! TIMES           [ shift and go to state 19 ]
  ! DIVIDE          [ shift and go to state 20 ]
  ! MODULO          [ shift and go to state 21 ]


state 30

    (10) expression -> expression MODULO expression .
    (6) expression -> expression . PLUS expression
    (7) expression -> expression . MINUS expression
    (8) expression -> expression . TIMES expression
    (9) expression -> expression . DIVIDE expression
    (10) expression -> expression . MODULO expression
    (11) expression -> expression . POWER expression

    SEMICOLON       reduce using rule 10 (expression -> expression MODULO expression .)
    PLUS            reduce using rule 10 (expression -> expression MODULO expression .)
    MINUS           reduce using rule 10 (expression -> expression MODULO expression .)
    TIMES           reduce using rule 10 (expression -> expression MODULO expression .)
    DIVIDE          reduce using rule 10 (expression -> expression MODULO expression .)
    MODULO          reduce using rule 10 (expression -> expression MODULO expression .)
    RPAREN          reduce using rule 10 (expression -> expression MODULO expression .)
    POWER           shift and go to state 22

  ! POWER           [ reduce using rule 10 (expression -> expression MODULO expression .) ]
  ! PLUS            [ shift and go to state 17 ]
  ! MINUS           [ shift and go to state 18 ]
  ! TIMES           [ shift and go to state 19 ]
  ! DIVIDE          [ shift and go to state 20 ]
  ! MODULO          [ shift and go to state 21 ]


state 31

    (11) expression -> expression POWER expression .
    (6) expression -> expression . PLUS expression
    (7) expression -> expression . MINUS expression
    (8) expression -> expression . TIMES expression
    (9) expression -> expression . DIVIDE expression
    (10) expression -> expression . MODULO expression
    (11) expression -> expression . POWER expression

    SEMICOLON       reduce using rule 11 (expression -> expression POWER expression .)
    PLUS            reduce using rule 11 (expression -> expression POWER expression .)
    MINUS           reduce using rule 11 (expression -> expression POWER expression .)
    TIMES           reduce using rule 11 (expression -> expression POWER expression .)
    DIVIDE          reduce using rule 11 (expression -> expression POWER expression .)
    MODULO          reduce using rule 11 (expression -> expression POWER expression .)
    RPAREN          reduce using rule 11 (expression -> expression POWER expression .)
    POWER           shift and go to state 22

  ! POWER           [ reduce using rule 11 (expression -> expression POWER expression .) ]
  ! PLUS            [ shift and go to state 17 ]
  ! MINUS           [ shift and go to state 18 ]
  ! TIMES           [ shift and go to state 19 ]
  ! DIVIDE          [ shift and go to state 20 ]
  ! MODULO          [ shift and go to state 21 ]


state 32

    (13) expression -> LPAREN expression RPAREN .

    SEMICOLON       reduce using rule 13 (expression -> LPAREN expression RPAREN .)
    PLUS            reduce using rule 13 (expression -> LPAREN expression RPAREN .)
    MINUS           reduce using rule 13 (expression -> LPAREN expression RPAREN .)
    TIMES           reduce using rule 13 (expression -> LPAREN expression RPAREN .)
    DIVIDE          reduce using rule 13 (expression -> LPAREN expression RPAREN .)
    MODULO          reduce using rule 13 (expression -> LPAREN expression RPAREN .)
    POWER           reduce using rule 13 (expression -> LPAREN expression RPAREN .)
    RPAREN          reduce using rule 13 (expression -> LPAREN expression RPAREN .)


state 33

    (5) statement -> PRINT LPAREN ID RPAREN SEMICOLON .

    ID              reduce using rule 5 (statement -> PRINT LPAREN ID RPAREN SEMICOLON .)
    PRINT           reduce using rule 5 (statement -> PRINT LPAREN ID RPAREN SEMICOLON .)
    $end            reduce using rule 5 (statement -> PRINT LPAREN ID RPAREN SEMICOLON .)

